<?xml version="1.0" encoding="UTF-8"?>
<coverage generated="1687672073515" clover="3.2.0">
  <project timestamp="1687672073515" name="All files">
    <metrics statements="9" coveredstatements="9" conditionals="16" coveredconditionals="8" methods="7" coveredmethods="7" elements="32" coveredelements="24" complexity="0" loc="9" ncloc="9" packages="1" files="1" classes="1"/>
    <file name="index.tsx" path="/Users/lizb/Documents/work/jrunion-ui/src/components/Button/index.tsx">
      <metrics statements="9" coveredstatements="9" conditionals="16" coveredconditionals="8" methods="7" coveredmethods="7"/>
      <line num="5" count="1" type="stmt"/>
      <line num="15" count="1" type="cond" truecount="1" falsecount="1"/>
      <line num="20" count="1" type="cond" truecount="1" falsecount="1"/>
      <line num="21" count="1" type="cond" truecount="1" falsecount="1"/>
      <line num="22" count="1" type="cond" truecount="1" falsecount="1"/>
      <line num="24" count="1" type="cond" truecount="1" falsecount="1"/>
      <line num="29" count="1" type="cond" truecount="1" falsecount="1"/>
      <line num="37" count="1" type="stmt"/>
      <line num="45" count="1" type="stmt"/>
    </file>
  </project>
</coverage>
