{"/Users/lizb/Documents/work/jrunion-ui/src/components/Button/index.tsx": {"path":"/Users/lizb/Documents/work/jrunion-ui/src/components/Button/index.tsx","statementMap":{"0":{"start":{"line":5,"column":21},"end":{"line":35,"column":1}},"1":{"start":{"line":15,"column":4},"end":{"line":19,"column":24}},"2":{"start":{"line":20,"column":23},"end":{"line":20,"column":60}},"3":{"start":{"line":21,"column":34},"end":{"line":21,"column":71}},"4":{"start":{"line":22,"column":25},"end":{"line":22,"column":49}},"5":{"start":{"line":24,"column":36},"end":{"line":24,"column":73}},"6":{"start":{"line":29,"column":6},"end":{"line":33,"column":26}},"7":{"start":{"line":37,"column":40},"end":{"line":56,"column":1}},"8":{"start":{"line":45,"column":2},"end":{"line":55,"column":4}}},"fnMap":{"0":{"name":"(anonymous_0)","decl":{"start":{"line":14,"column":13},"end":{"line":14,"column":14}},"loc":{"start":{"line":15,"column":4},"end":{"line":19,"column":24}},"line":15},"1":{"name":"(anonymous_1)","decl":{"start":{"line":20,"column":11},"end":{"line":20,"column":12}},"loc":{"start":{"line":20,"column":23},"end":{"line":20,"column":60}},"line":20},"2":{"name":"(anonymous_2)","decl":{"start":{"line":21,"column":22},"end":{"line":21,"column":23}},"loc":{"start":{"line":21,"column":34},"end":{"line":21,"column":71}},"line":21},"3":{"name":"(anonymous_3)","decl":{"start":{"line":22,"column":13},"end":{"line":22,"column":14}},"loc":{"start":{"line":22,"column":25},"end":{"line":22,"column":49}},"line":22},"4":{"name":"(anonymous_4)","decl":{"start":{"line":24,"column":24},"end":{"line":24,"column":25}},"loc":{"start":{"line":24,"column":36},"end":{"line":24,"column":73}},"line":24},"5":{"name":"(anonymous_5)","decl":{"start":{"line":28,"column":15},"end":{"line":28,"column":16}},"loc":{"start":{"line":29,"column":6},"end":{"line":33,"column":26}},"line":29},"6":{"name":"(anonymous_6)","decl":{"start":{"line":37,"column":40},"end":{"line":37,"column":41}},"loc":{"start":{"line":44,"column":6},"end":{"line":56,"column":1}},"line":44}},"branchMap":{"0":{"loc":{"start":{"line":15,"column":4},"end":{"line":19,"column":24}},"type":"cond-expr","locations":[{"start":{"line":16,"column":8},"end":{"line":16,"column":22}},{"start":{"line":17,"column":8},"end":{"line":19,"column":24}}],"line":15},"1":{"loc":{"start":{"line":17,"column":8},"end":{"line":19,"column":24}},"type":"cond-expr","locations":[{"start":{"line":18,"column":8},"end":{"line":18,"column":23}},{"start":{"line":19,"column":8},"end":{"line":19,"column":24}}],"line":17},"2":{"loc":{"start":{"line":20,"column":23},"end":{"line":20,"column":60}},"type":"cond-expr","locations":[{"start":{"line":20,"column":39},"end":{"line":20,"column":48}},{"start":{"line":20,"column":51},"end":{"line":20,"column":60}}],"line":20},"3":{"loc":{"start":{"line":21,"column":34},"end":{"line":21,"column":71}},"type":"cond-expr","locations":[{"start":{"line":21,"column":50},"end":{"line":21,"column":59}},{"start":{"line":21,"column":62},"end":{"line":21,"column":71}}],"line":21},"4":{"loc":{"start":{"line":22,"column":25},"end":{"line":22,"column":49}},"type":"cond-expr","locations":[{"start":{"line":22,"column":42},"end":{"line":22,"column":45}},{"start":{"line":22,"column":48},"end":{"line":22,"column":49}}],"line":22},"5":{"loc":{"start":{"line":24,"column":36},"end":{"line":24,"column":73}},"type":"cond-expr","locations":[{"start":{"line":24,"column":52},"end":{"line":24,"column":61}},{"start":{"line":24,"column":64},"end":{"line":24,"column":73}}],"line":24},"6":{"loc":{"start":{"line":29,"column":6},"end":{"line":33,"column":26}},"type":"cond-expr","locations":[{"start":{"line":30,"column":10},"end":{"line":30,"column":24}},{"start":{"line":31,"column":10},"end":{"line":33,"column":26}}],"line":29},"7":{"loc":{"start":{"line":31,"column":10},"end":{"line":33,"column":26}},"type":"cond-expr","locations":[{"start":{"line":32,"column":10},"end":{"line":32,"column":24}},{"start":{"line":33,"column":10},"end":{"line":33,"column":26}}],"line":31}},"s":{"0":1,"1":1,"2":1,"3":1,"4":1,"5":1,"6":1,"7":1,"8":1},"f":{"0":1,"1":1,"2":1,"3":1,"4":1,"5":1,"6":1},"b":{"0":[0,1],"1":[0,1],"2":[0,1],"3":[0,1],"4":[1,0],"5":[0,1],"6":[0,1],"7":[0,1]},"_coverageSchema":"1a1c01bbd47fc00a2c39e90264f33305004495a9","hash":"f45d29defdb003267a4123f2cca8738a853a4406"}
}
