TN:
SF:src/components/Button/index.tsx
FN:14,(anonymous_0)
FN:20,(anonymous_1)
FN:21,(anonymous_2)
FN:22,(anonymous_3)
FN:24,(anonymous_4)
FN:28,(anonymous_5)
FN:37,(anonymous_6)
FNF:7
FNH:7
FNDA:1,(anonymous_0)
FNDA:1,(anonymous_1)
FNDA:1,(anonymous_2)
FNDA:1,(anonymous_3)
FNDA:1,(anonymous_4)
FNDA:1,(anonymous_5)
FNDA:1,(anonymous_6)
DA:5,1
DA:15,1
DA:20,1
DA:21,1
DA:22,1
DA:24,1
DA:29,1
DA:37,1
DA:45,1
LF:9
LH:9
BRDA:15,0,0,0
BRDA:15,0,1,1
BRDA:17,1,0,0
BRDA:17,1,1,1
BRDA:20,2,0,0
BRDA:20,2,1,1
BRDA:21,3,0,0
BRDA:21,3,1,1
BRDA:22,4,0,1
BRDA:22,4,1,0
BRDA:24,5,0,0
BRDA:24,5,1,1
BRDA:29,6,0,0
BRDA:29,6,1,1
BRDA:31,7,0,0
BRDA:31,7,1,1
BRF:16
BRH:8
end_of_record
